<?xml version="1.0" encoding="UTF-8"?>
<!-- Generated by org.testng.reporters.JUnitReportReporter -->
<testsuite hostname="lue-PC" name="SampleTest" tests="1" failures="0" timestamp="25 Dec 2015 06:15:51 GMT" time="0.030" errors="0">
  <testcase name="testPrintMessage" time="0.030" classname="SampleTest"/>
</testsuite> <!-- SampleTest -->
